<?xml version="1.0" encoding="UTF-8"?>
<!-- Generated by org.testng.reporters.JUnitReportReporter -->
<testsuite hostname="surender3145693" name="testCases.SS_ProfilePage_Change_Password_VerifyFields" tests="1" failures="0" timestamp="17 Jan 2017 10:04:27 GMT" time="50.637" errors="0">
  <testcase name="main" time="50.637" classname="testCases.SS_ProfilePage_Change_Password_VerifyFields"/>
</testsuite> <!-- testCases.SS_ProfilePage_Change_Password_VerifyFields -->
