<?xml version="1.0" encoding="UTF-8"?>
<!-- Generated by org.testng.reporters.JUnitReportReporter -->
<testsuite hostname="surender3145693" name="testCases.SS_PLP_Verify_Filter_On_Off_Functionality" tests="1" failures="0" timestamp="17 Jan 2017 10:04:27 GMT" time="55.738" errors="0">
  <testcase name="main" time="55.738" classname="testCases.SS_PLP_Verify_Filter_On_Off_Functionality"/>
</testsuite> <!-- testCases.SS_PLP_Verify_Filter_On_Off_Functionality -->
