<?xml version="1.0" encoding="UTF-8"?>
<!-- Generated by org.testng.reporters.JUnitReportReporter -->
<testsuite hostname="surender3145693" name="testCases.SS_ProfilePage_PersonalInfo" tests="1" failures="0" timestamp="17 Jan 2017 10:04:28 GMT" time="42.127" errors="0">
  <testcase name="main" time="42.127" classname="testCases.SS_ProfilePage_PersonalInfo"/>
</testsuite> <!-- testCases.SS_ProfilePage_PersonalInfo -->
