<?xml version="1.0" encoding="UTF-8"?>
<!-- Generated by org.testng.reporters.JUnitReportReporter -->
<testsuite hostname="surender3145693" name="testCases.SS_Logout" tests="1" failures="0" timestamp="17 Jan 2017 10:04:28 GMT" time="44.806" errors="0">
  <testcase name="main" time="44.806" classname="testCases.SS_Logout"/>
</testsuite> <!-- testCases.SS_Logout -->
