<?xml version="1.0" encoding="UTF-8"?>
<!-- Generated by org.testng.reporters.JUnitReportReporter -->
<testsuite hostname="surender3145693" name="testCases.SS_PDP_ZoomIn_AddToCart" tests="1" failures="0" timestamp="17 Jan 2017 10:04:28 GMT" time="45.030" errors="0">
  <testcase name="main" time="45.030" classname="testCases.SS_PDP_ZoomIn_AddToCart"/>
</testsuite> <!-- testCases.SS_PDP_ZoomIn_AddToCart -->
