<?xml version="1.0" encoding="UTF-8"?>
<!-- Generated by org.testng.reporters.JUnitReportReporter -->
<testsuite hostname="surender3145693" name="testCases.SS_Invalid_Login" tests="1" failures="0" timestamp="17 Jan 2017 10:04:27 GMT" time="25.759" errors="0">
  <testcase name="main" time="25.759" classname="testCases.SS_Invalid_Login"/>
</testsuite> <!-- testCases.SS_Invalid_Login -->
