<?xml version="1.0" encoding="UTF-8"?>
<!-- Generated by org.testng.reporters.JUnitReportReporter -->
<testsuite hostname="surender3145693" name="testCases.SS_Header_Public_Verify_MiniCart_Functionality" tests="1" failures="0" timestamp="17 Jan 2017 10:04:28 GMT" time="26.392" errors="0">
  <testcase name="main" time="26.392" classname="testCases.SS_Header_Public_Verify_MiniCart_Functionality"/>
</testsuite> <!-- testCases.SS_Header_Public_Verify_MiniCart_Functionality -->
