<?xml version="1.0" encoding="UTF-8"?>
<!-- Generated by org.testng.reporters.JUnitReportReporter -->
<testsuite hostname="surender3145693" name="testCases.SS_Forgot_Password" tests="1" failures="0" timestamp="17 Jan 2017 10:04:27 GMT" time="88.413" errors="0">
  <testcase name="main" time="88.413" classname="testCases.SS_Forgot_Password"/>
</testsuite> <!-- testCases.SS_Forgot_Password -->
