<?xml version="1.0" encoding="UTF-8"?>
<!-- Generated by org.testng.reporters.JUnitReportReporter -->
<testsuite hostname="surender3145693" name="testCases.SS_CartPage_Public_Verify_ShopingCart_ItemCount" tests="1" failures="0" timestamp="17 Jan 2017 10:04:28 GMT" time="49.016" errors="0">
  <testcase name="main" time="49.016" classname="testCases.SS_CartPage_Public_Verify_ShopingCart_ItemCount"/>
</testsuite> <!-- testCases.SS_CartPage_Public_Verify_ShopingCart_ItemCount -->
