<?xml version="1.0" encoding="UTF-8"?>
<!-- Generated by org.testng.reporters.JUnitReportReporter -->
<testsuite hostname="surender3145693" name="testCases.SS_MyAccount_Verify_Wishlist" tests="1" failures="0" timestamp="17 Jan 2017 10:04:28 GMT" time="41.758" errors="0">
  <testcase name="main" time="41.758" classname="testCases.SS_MyAccount_Verify_Wishlist"/>
</testsuite> <!-- testCases.SS_MyAccount_Verify_Wishlist -->
