<?xml version="1.0" encoding="UTF-8"?>
<!-- Generated by org.testng.reporters.JUnitReportReporter -->
<testsuite hostname="surender3145693" name="testCases.SS_Forgot_Password_Verify_Fields" tests="1" failures="0" timestamp="17 Jan 2017 10:04:28 GMT" time="32.188" errors="0">
  <testcase name="main" time="32.188" classname="testCases.SS_Forgot_Password_Verify_Fields"/>
</testsuite> <!-- testCases.SS_Forgot_Password_Verify_Fields -->
