<?xml version="1.0" encoding="UTF-8"?>
<!-- Generated by org.testng.reporters.JUnitReportReporter -->
<testsuite hostname="surender3145693" name="testCases.SS_Login" tests="1" failures="0" timestamp="17 Jan 2017 10:04:27 GMT" time="35.200" errors="0">
  <testcase name="main" time="35.200" classname="testCases.SS_Login"/>
</testsuite> <!-- testCases.SS_Login -->
