<?xml version="1.0" encoding="UTF-8"?>
<!-- Generated by org.testng.reporters.JUnitReportReporter -->
<testsuite hostname="surender3145693" name="testCases.SS_Header_Public_Verify_Notification_Alert_Link" tests="1" failures="0" timestamp="17 Jan 2017 10:04:27 GMT" time="21.376" errors="0">
  <testcase name="main" time="21.376" classname="testCases.SS_Header_Public_Verify_Notification_Alert_Link"/>
</testsuite> <!-- testCases.SS_Header_Public_Verify_Notification_Alert_Link -->
