<?xml version="1.0" encoding="UTF-8"?>
<!-- Generated by org.testng.reporters.JUnitReportReporter -->
<testsuite hostname="surender3145693" name="testCases.SS_PLP_Verify_RemoveFromWishlist_QuickView_RegisteredUser" tests="1" failures="0" timestamp="17 Jan 2017 10:04:28 GMT" time="58.668" errors="0">
  <testcase name="main" time="58.668" classname="testCases.SS_PLP_Verify_RemoveFromWishlist_QuickView_RegisteredUser"/>
</testsuite> <!-- testCases.SS_PLP_Verify_RemoveFromWishlist_QuickView_RegisteredUser -->
