<?xml version="1.0" encoding="UTF-8"?>
<!-- Generated by org.testng.reporters.JUnitReportReporter -->
<testsuite hostname="surender3145693" name="testCases.SS_MyAccount_AddToCart_From_Wishlist" tests="1" failures="0" timestamp="17 Jan 2017 10:04:27 GMT" time="54.942" errors="0">
  <testcase name="main" time="54.942" classname="testCases.SS_MyAccount_AddToCart_From_Wishlist"/>
</testsuite> <!-- testCases.SS_MyAccount_AddToCart_From_Wishlist -->
