<?xml version="1.0" encoding="UTF-8"?>
<!-- Generated by org.testng.reporters.JUnitReportReporter -->
<testsuite hostname="surender3145693" name="testCases.SS_HomePage_Public_Verify_NewsLetterSubscribe_Field" tests="1" failures="0" timestamp="17 Jan 2017 10:04:28 GMT" time="35.002" errors="0">
  <testcase name="main" time="35.002" classname="testCases.SS_HomePage_Public_Verify_NewsLetterSubscribe_Field"/>
</testsuite> <!-- testCases.SS_HomePage_Public_Verify_NewsLetterSubscribe_Field -->
