<?xml version="1.0" encoding="UTF-8"?>
<!-- Generated by org.testng.reporters.JUnitReportReporter -->
<testsuite hostname="surender3145693" name="testCases.SS_PDP_WriteAReview" tests="1" failures="0" timestamp="17 Jan 2017 10:04:28 GMT" time="60.412" errors="0">
  <testcase name="main" time="60.412" classname="testCases.SS_PDP_WriteAReview"/>
</testsuite> <!-- testCases.SS_PDP_WriteAReview -->
