<?xml version="1.0" encoding="UTF-8"?>
<!-- Generated by org.testng.reporters.JUnitReportReporter -->
<testsuite hostname="surender3145693" name="testCases.SS_MyAccount_Verify_No_Orders" tests="1" failures="0" timestamp="17 Jan 2017 10:04:28 GMT" time="40.356" errors="0">
  <testcase name="main" time="40.356" classname="testCases.SS_MyAccount_Verify_No_Orders"/>
</testsuite> <!-- testCases.SS_MyAccount_Verify_No_Orders -->
