<?xml version="1.0" encoding="UTF-8"?>
<!-- Generated by org.testng.reporters.JUnitReportReporter -->
<testsuite hostname="surender3145693" name="testCases.SS_Header_Public_Verify_TrackOrder_Page_Functionality" tests="1" failures="0" timestamp="17 Jan 2017 10:04:27 GMT" time="23.996" errors="0">
  <testcase name="main" time="23.996" classname="testCases.SS_Header_Public_Verify_TrackOrder_Page_Functionality"/>
</testsuite> <!-- testCases.SS_Header_Public_Verify_TrackOrder_Page_Functionality -->
