<?xml version="1.0" encoding="UTF-8"?>
<!-- Generated by org.testng.reporters.JUnitReportReporter -->
<testsuite hostname="surender3145693" name="testCases.SS_PDP_CheckDelivery_COD_ChangePin_InvalidDeliveryAdd" tests="1" failures="0" timestamp="17 Jan 2017 10:04:27 GMT" time="39.400" errors="0">
  <testcase name="main" time="39.400" classname="testCases.SS_PDP_CheckDelivery_COD_ChangePin_InvalidDeliveryAdd"/>
</testsuite> <!-- testCases.SS_PDP_CheckDelivery_COD_ChangePin_InvalidDeliveryAdd -->
