<?xml version="1.0" encoding="UTF-8"?>
<!-- Generated by org.testng.reporters.JUnitReportReporter -->
<testsuite hostname="surender3145693" name="testCases.SS_PLP_Verify_PrimaryFilter_Select_Size_Functionality" tests="1" failures="0" timestamp="17 Jan 2017 10:04:28 GMT" time="41.579" errors="0">
  <testcase name="main" time="41.579" classname="testCases.SS_PLP_Verify_PrimaryFilter_Select_Size_Functionality"/>
</testsuite> <!-- testCases.SS_PLP_Verify_PrimaryFilter_Select_Size_Functionality -->
